<?xml version="1.0" encoding="UTF-8"?>
<testng-results skipped="0" failed="0" total="6" passed="6">
  <reporter-output>
  </reporter-output>
  <suite name="Default suite" duration-ms="30673" started-at="2014-03-17T12:08:51Z" finished-at="2014-03-17T12:09:21Z">
    <groups>
    </groups>
    <test name="Default test" duration-ms="30673" started-at="2014-03-17T12:08:51Z" finished-at="2014-03-17T12:09:21Z">
      <class name="com.example.tests.GroupCreationTests">
        <test-method status="PASS" signature="setUp()[pri:0, instance:com.example.tests.GroupCreationTests@109168b4]" name="setUp" is-config="true" duration-ms="19049" started-at="2014-03-17T16:08:51Z" finished-at="2014-03-17T16:09:10Z">
          <reporter-output>
          </reporter-output>
        </test-method> <!-- setUp -->
        <test-method status="PASS" signature="testEmptyGroupCreation()[pri:0, instance:com.example.tests.GroupCreationTests@109168b4]" name="testEmptyGroupCreation" duration-ms="1520" started-at="2014-03-17T16:09:10Z" finished-at="2014-03-17T16:09:11Z">
          <reporter-output>
          </reporter-output>
        </test-method> <!-- testEmptyGroupCreation -->
        <test-method status="PASS" signature="testNonEmptyGroupCreation()[pri:0, instance:com.example.tests.GroupCreationTests@109168b4]" name="testNonEmptyGroupCreation" duration-ms="1772" started-at="2014-03-17T16:09:11Z" finished-at="2014-03-17T16:09:13Z">
          <reporter-output>
          </reporter-output>
        </test-method> <!-- testNonEmptyGroupCreation -->
        <test-method status="PASS" signature="tearDown()[pri:0, instance:com.example.tests.GroupCreationTests@109168b4]" name="tearDown" is-config="true" duration-ms="475" started-at="2014-03-17T16:09:21Z" finished-at="2014-03-17T16:09:21Z">
          <reporter-output>
          </reporter-output>
        </test-method> <!-- tearDown -->
      </class> <!-- com.example.tests.GroupCreationTests -->
      <class name="com.example.tests.AddAdressTests">
        <test-method status="PASS" signature="testEmptyAddAdres()[pri:0, instance:com.example.tests.AddAdressTests@c507334]" name="testEmptyAddAdres" duration-ms="2015" started-at="2014-03-17T16:09:16Z" finished-at="2014-03-17T16:09:18Z">
          <reporter-output>
          </reporter-output>
        </test-method> <!-- testEmptyAddAdres -->
        <test-method status="PASS" signature="testNonEmptyAddAdres()[pri:0, instance:com.example.tests.AddAdressTests@c507334]" name="testNonEmptyAddAdres" duration-ms="2983" started-at="2014-03-17T16:09:18Z" finished-at="2014-03-17T16:09:21Z">
          <reporter-output>
          </reporter-output>
        </test-method> <!-- testNonEmptyAddAdres -->
      </class> <!-- com.example.tests.AddAdressTests -->
      <class name="com.example.tests.AlsoGroupCreationTests">
        <test-method status="PASS" signature="testEmptyGroupCreation()[pri:0, instance:com.example.tests.AlsoGroupCreationTests@75bb613c]" name="testEmptyGroupCreation" duration-ms="1379" started-at="2014-03-17T16:09:13Z" finished-at="2014-03-17T16:09:14Z">
          <reporter-output>
          </reporter-output>
        </test-method> <!-- testEmptyGroupCreation -->
        <test-method status="PASS" signature="testNonEmptyGroupCreation()[pri:0, instance:com.example.tests.AlsoGroupCreationTests@75bb613c]" name="testNonEmptyGroupCreation" duration-ms="1425" started-at="2014-03-17T16:09:14Z" finished-at="2014-03-17T16:09:16Z">
          <reporter-output>
          </reporter-output>
        </test-method> <!-- testNonEmptyGroupCreation -->
      </class> <!-- com.example.tests.AlsoGroupCreationTests -->
    </test> <!-- Default test -->
  </suite> <!-- Default suite -->
</testng-results>
