<?xml version="1.0" encoding="UTF-8"?>
<!-- Generated by org.testng.reporters.JUnitXMLReporter -->
<testsuite hostname="TESTERS-PC-2" name="Default test" tests="6" failures="0" timestamp="17 Mar 2014 12:09:21 GMT" time="30.673" errors="0">
  <testcase name="testEmptyGroupCreation" time="1.52" classname="com.example.tests.GroupCreationTests"/>
  <testcase name="testNonEmptyGroupCreation" time="1.772" classname="com.example.tests.GroupCreationTests"/>
  <testcase name="testEmptyGroupCreation" time="1.379" classname="com.example.tests.AlsoGroupCreationTests"/>
  <testcase name="testNonEmptyGroupCreation" time="1.425" classname="com.example.tests.AlsoGroupCreationTests"/>
  <testcase name="testEmptyAddAdres" time="2.015" classname="com.example.tests.AddAdressTests"/>
  <testcase name="testNonEmptyAddAdres" time="2.983" classname="com.example.tests.AddAdressTests"/>
</testsuite> <!-- Default test -->
